<?xml version="1.0" encoding="UTF-8"?>
<!-- Generated by org.testng.reporters.JUnitXMLReporter -->
<testsuite ignored="0" hostname="INLM-Deepak.local" failures="1" tests="1" name="Test1" time="11.899" errors="0" timestamp="05 Dec 2018 10:29:10 GMT">
  <testcase classname="test_Selenium_Package.ParallelExecution" name="beforeTest" time="11.842">
    <failure type="java.lang.NullPointerException">
      <![CDATA[java.lang.NullPointerException
at test_Selenium_Package.ParallelExecution.beforeTest(ParallelExecution.java:44)
at java.base/java.util.concurrent.FutureTask.run(FutureTask.java:264)
at java.base/java.util.concurrent.ThreadPoolExecutor.runWorker(ThreadPoolExecutor.java:1128)
at java.base/java.util.concurrent.ThreadPoolExecutor$Worker.run(ThreadPoolExecutor.java:628)
at java.base/java.lang.Thread.run(Thread.java:834)
... Removed 16 stack frames]]>
    </failure>
  </testcase> <!-- beforeTest -->
</testsuite> <!-- Test1 -->
