<?xml version="1.0" encoding="UTF-8"?>
<testng-results ignored="0" total="1" passed="1" failed="0" skipped="0">
  <reporter-output>
  </reporter-output>
  <suite started-at="2019-12-14T10:12:30Z" name="Default suite" finished-at="2019-12-14T10:12:35Z" duration-ms="4434">
    <groups>
    </groups>
    <test started-at="2019-12-14T10:12:30Z" name="Default test" finished-at="2019-12-14T10:12:35Z" duration-ms="4434">
      <class name="test_Selenium_Package.Assert123">
        <test-method is-config="true" signature="beforeMethod()[pri:0, instance:test_Selenium_Package.Assert123@394df057]" started-at="2019-12-14T10:12:30Z" name="beforeMethod" finished-at="2019-12-14T10:12:34Z" duration-ms="4141" status="PASS">
          <reporter-output>
          </reporter-output>
        </test-method> <!-- beforeMethod -->
        <test-method signature="Ass()[pri:0, instance:test_Selenium_Package.Assert123@394df057]" started-at="2019-12-14T10:12:34Z" name="Ass" finished-at="2019-12-14T10:12:35Z" duration-ms="66" status="PASS">
          <reporter-output>
          </reporter-output>
        </test-method> <!-- Ass -->
        <test-method is-config="true" signature="afterMethod()[pri:0, instance:test_Selenium_Package.Assert123@394df057]" started-at="2019-12-14T10:12:35Z" name="afterMethod" finished-at="2019-12-14T10:12:35Z" duration-ms="180" status="PASS">
          <reporter-output>
          </reporter-output>
        </test-method> <!-- afterMethod -->
      </class> <!-- test_Selenium_Package.Assert123 -->
    </test> <!-- Default test -->
  </suite> <!-- Default suite -->
</testng-results>
