<?xml version="1.0" encoding="UTF-8"?>
<testng-results ignored="0" total="1" passed="1" failed="0" skipped="0">
  <reporter-output>
  </reporter-output>
  <suite started-at="2020-08-03T19:18:20Z" name="Default suite" finished-at="2020-08-03T19:18:29Z" duration-ms="8837">
    <groups>
    </groups>
    <test started-at="2020-08-03T19:18:20Z" name="Default test" finished-at="2020-08-03T19:18:29Z" duration-ms="8837">
      <class name="SampleProject.Search">
        <test-method is-config="true" signature="BrowserOpen()[pri:0, instance:SampleProject.Search@385e9564]" started-at="2020-08-03T19:18:20Z" name="BrowserOpen" finished-at="2020-08-03T19:18:23Z" duration-ms="2544" status="PASS">
          <reporter-output>
          </reporter-output>
        </test-method> <!-- BrowserOpen -->
        <test-method signature="page()[pri:0, instance:SampleProject.Search@385e9564]" started-at="2020-08-03T19:18:23Z" name="page" description="Search" finished-at="2020-08-03T19:18:29Z" duration-ms="6050" status="PASS">
          <reporter-output>
          </reporter-output>
        </test-method> <!-- page -->
        <test-method is-config="true" signature="BrowserClose()[pri:0, instance:SampleProject.Search@385e9564]" started-at="2020-08-03T19:18:29Z" name="BrowserClose" finished-at="2020-08-03T19:18:29Z" duration-ms="162" status="PASS">
          <reporter-output>
          </reporter-output>
        </test-method> <!-- BrowserClose -->
      </class> <!-- SampleProject.Search -->
    </test> <!-- Default test -->
  </suite> <!-- Default suite -->
</testng-results>
